<?xml version="1.0" encoding="UTF-8"?>
<!-- Generated by org.testng.reporters.JUnitReportReporter -->
<testsuite hostname="MC9011082259" failures="0" tests="1" name="Testng" time="0.010" errors="0" timestamp="2022-10-12T19:55:51 IST" skipped="0">
  <testcase classname="Testng" name="data" time="0.010"/>
  <system-out/>
</testsuite> <!-- Testng -->
