<?xml version="1.0" encoding="UTF-8"?>
<!-- Generated by org.testng.reporters.JUnitReportReporter -->
<testsuite hostname="MC9011082259" failures="0" tests="2" name="Practice" time="0.009" errors="0" timestamp="2022-10-12T20:58:45 IST" skipped="0">
  <testcase classname="Practice" name="aizag1" time="0.008"/>
  <system-out/>
  <testcase classname="Practice" name="vizag" time="0.001"/>
  <system-out/>
</testsuite> <!-- Practice -->
